# JRE version: OpenJDK Runtime Environment (Zulu 8.44.0.13-CA-win64) (8.0_242-b20) (build 1.8.0_242-b20)
# Java VM: OpenJDK 64-Bit Server VM (25.242-b20 mixed mode windows-amd64 compressed oops)
Heap:
 PSYoungGen      total 3489792K, used 2854657K [0x00000006d5580000, 0x00000007c0000000, 0x00000007c0000000)
  eden space 3192832K, 89% used [0x00000006d5580000,0x00000007839406e0,0x0000000798380000)
  from space 296960K, 0% used [0x0000000798380000,0x0000000798380000,0x00000007aa580000)
  to   space 303616K, 0% used [0x00000007ad780000,0x00000007ad780000,0x00000007c0000000)
 ParOldGen       total 1612288K, used 1077704K [0x0000000500000000, 0x0000000562680000, 0x00000006d5580000)
  object space 1612288K, 66% used [0x0000000500000000,0x0000000541c721d8,0x0000000562680000)
 Metaspace       used 44998K, capacity 45758K, committed 45952K, reserved 1089536K
  class space    used 4949K, capacity 5137K, committed 5248K, reserved 1048576K
GC Heap History (10 events):
Event: 41.123 GC heap before
{Heap before GC invocations=33 (full 7):
 PSYoungGen      total 2910720K, used 127400K [0x00000006d5580000, 0x000000079b080000, 0x00000007c0000000)
  eden space 2686976K, 0% used [0x00000006d5580000,0x00000006d5580000,0x0000000779580000)
  from space 223744K, 56% used [0x000000078d600000,0x000000079526a190,0x000000079b080000)
  to   space 275968K, 0% used [0x0000000779580000,0x0000000779580000,0x000000078a300000)
 ParOldGen       total 1266176K, used 1184983K [0x0000000500000000, 0x000000054d480000, 0x00000006d5580000)
  object space 1266176K, 93% used [0x0000000500000000,0x0000000548535e68,0x000000054d480000)
 Metaspace       used 44938K, capacity 45694K, committed 45952K, reserved 1089536K
  class space    used 4945K, capacity 5137K, committed 5248K, reserved 1048576K
Event: 41.190 GC heap after
Heap after GC invocations=33 (full 7):
 PSYoungGen      total 2910720K, used 0K [0x00000006d5580000, 0x000000079b080000, 0x00000007c0000000)
  eden space 2686976K, 0% used [0x00000006d5580000,0x00000006d5580000,0x0000000779580000)
  from space 223744K, 0% used [0x000000078d600000,0x000000078d600000,0x000000079b080000)
  to   space 275968K, 0% used [0x0000000779580000,0x0000000779580000,0x000000078a300000)
 ParOldGen       total 1671168K, used 1190885K [0x0000000500000000, 0x0000000566000000, 0x00000006d5580000)
  object space 1671168K, 71% used [0x0000000500000000,0x0000000548af94c8,0x0000000566000000)
 Metaspace       used 44938K, capacity 45694K, committed 45952K, reserved 1089536K
  class space    used 4945K, capacity 5137K, committed 5248K, reserved 1048576K
}
Event: 41.781 GC heap before
{Heap before GC invocations=34 (full 7):
 PSYoungGen      total 2910720K, used 2686976K [0x00000006d5580000, 0x000000079b080000, 0x00000007c0000000)
  eden space 2686976K, 100% used [0x00000006d5580000,0x0000000779580000,0x0000000779580000)
  from space 223744K, 0% used [0x000000078d600000,0x000000078d600000,0x000000079b080000)
  to   space 275968K, 0% used [0x0000000779580000,0x0000000779580000,0x000000078a300000)
 ParOldGen       total 1671168K, used 1190885K [0x0000000500000000, 0x0000000566000000, 0x00000006d5580000)
  object space 1671168K, 71% used [0x0000000500000000,0x0000000548af94c8,0x0000000566000000)
 Metaspace       used 44942K, capacity 45694K, committed 45952K, reserved 1089536K
  class space    used 4945K, capacity 5137K, committed 5248K, reserved 1048576K
Event: 41.804 GC heap after
Heap after GC invocations=34 (full 7):
 PSYoungGen      total 2962944K, used 223276K [0x00000006d5580000, 0x00000007bc980000, 0x00000007c0000000)
  eden space 2686976K, 0% used [0x00000006d5580000,0x00000006d5580000,0x0000000779580000)
  from space 275968K, 80% used [0x0000000779580000,0x0000000786f8b060,0x000000078a300000)
  to   space 299008K, 0% used [0x00000007aa580000,0x00000007aa580000,0x00000007bc980000)
 ParOldGen       total 1671168K, used 1190885K [0x0000000500000000, 0x0000000566000000, 0x00000006d5580000)
  object space 1671168K, 71% used [0x0000000500000000,0x0000000548af94c8,0x0000000566000000)
 Metaspace       used 44942K, capacity 45694K, committed 45952K, reserved 1089536K
  class space    used 4945K, capacity 5137K, committed 5248K, reserved 1048576K
}
Event: 42.323 GC heap before
{Heap before GC invocations=35 (full 7):
 PSYoungGen      total 2962944K, used 2910252K [0x00000006d5580000, 0x00000007bc980000, 0x00000007c0000000)
  eden space 2686976K, 100% used [0x00000006d5580000,0x0000000779580000,0x0000000779580000)
  from space 275968K, 80% used [0x0000000779580000,0x0000000786f8b060,0x000000078a300000)
  to   space 299008K, 0% used [0x00000007aa580000,0x00000007aa580000,0x00000007bc980000)
 ParOldGen       total 1671168K, used 1190885K [0x0000000500000000, 0x0000000566000000, 0x00000006d5580000)
  object space 1671168K, 71% used [0x0000000500000000,0x0000000548af94c8,0x0000000566000000)
 Metaspace       used 44966K, capacity 45694K, committed 45952K, reserved 1089536K
  class space    used 4945K, capacity 5137K, committed 5248K, reserved 1048576K
Event: 42.376 GC heap after
Heap after GC invocations=35 (full 7):
 PSYoungGen      total 3491840K, used 169347K [0x00000006d5580000, 0x00000007bfe00000, 0x00000007c0000000)
  eden space 3192832K, 0% used [0x00000006d5580000,0x00000006d5580000,0x0000000798380000)
  from space 299008K, 56% used [0x00000007aa580000,0x00000007b4ae0e10,0x00000007bc980000)
  to   space 296960K, 0% used [0x0000000798380000,0x0000000798380000,0x00000007aa580000)
 ParOldGen       total 1671168K, used 1351844K [0x0000000500000000, 0x0000000566000000, 0x00000006d5580000)
  object space 1671168K, 80% used [0x0000000500000000,0x0000000552829208,0x0000000566000000)
 Metaspace       used 44966K, capacity 45694K, committed 45952K, reserved 1089536K
  class space    used 4945K, capacity 5137K, committed 5248K, reserved 1048576K
}
Event: 42.787 GC heap before
{Heap before GC invocations=36 (full 7):
 PSYoungGen      total 3491840K, used 3362179K [0x00000006d5580000, 0x00000007bfe00000, 0x00000007c0000000)
  eden space 3192832K, 100% used [0x00000006d5580000,0x0000000798380000,0x0000000798380000)
  from space 299008K, 56% used [0x00000007aa580000,0x00000007b4ae0e10,0x00000007bc980000)
  to   space 296960K, 0% used [0x0000000798380000,0x0000000798380000,0x00000007aa580000)
 ParOldGen       total 1671168K, used 1351844K [0x0000000500000000, 0x0000000566000000, 0x00000006d5580000)
  object space 1671168K, 80% used [0x0000000500000000,0x0000000552829208,0x0000000566000000)
 Metaspace       used 44968K, capacity 45694K, committed 45952K, reserved 1089536K
  class space    used 4945K, capacity 5137K, committed 5248K, reserved 1048576K
Event: 42.835 GC heap after
Heap after GC invocations=36 (full 7):
 PSYoungGen      total 3489792K, used 194845K [0x00000006d5580000, 0x00000007c0000000, 0x00000007c0000000)
  eden space 3192832K, 0% used [0x00000006d5580000,0x00000006d5580000,0x0000000798380000)
  from space 296960K, 65% used [0x0000000798380000,0x00000007a41c74f0,0x00000007aa580000)
  to   space 303616K, 0% used [0x00000007ad780000,0x00000007ad780000,0x00000007c0000000)
 ParOldGen       total 1671168K, used 1475005K [0x0000000500000000, 0x0000000566000000, 0x00000006d5580000)
  object space 1671168K, 88% used [0x0000000500000000,0x000000055a06f7a8,0x0000000566000000)
 Metaspace       used 44968K, capacity 45694K, committed 45952K, reserved 1089536K
  class space    used 4945K, capacity 5137K, committed 5248K, reserved 1048576K
}
Event: 42.835 GC heap before
{Heap before GC invocations=37 (full 8):
 PSYoungGen      total 3489792K, used 194845K [0x00000006d5580000, 0x00000007c0000000, 0x00000007c0000000)
  eden space 3192832K, 0% used [0x00000006d5580000,0x00000006d5580000,0x0000000798380000)
  from space 296960K, 65% used [0x0000000798380000,0x00000007a41c74f0,0x00000007aa580000)
  to   space 303616K, 0% used [0x00000007ad780000,0x00000007ad780000,0x00000007c0000000)
 ParOldGen       total 1671168K, used 1475005K [0x0000000500000000, 0x0000000566000000, 0x00000006d5580000)
  object space 1671168K, 88% used [0x0000000500000000,0x000000055a06f7a8,0x0000000566000000)
 Metaspace       used 44968K, capacity 45694K, committed 45952K, reserved 1089536K
  class space    used 4945K, capacity 5137K, committed 5248K, reserved 1048576K
Event: 42.927 GC heap after
Heap after GC invocations=37 (full 8):
 PSYoungGen      total 3489792K, used 0K [0x00000006d5580000, 0x00000007c0000000, 0x00000007c0000000)
  eden space 3192832K, 0% used [0x00000006d5580000,0x00000006d5580000,0x0000000798380000)
  from space 296960K, 0% used [0x0000000798380000,0x0000000798380000,0x00000007aa580000)
  to   space 303616K, 0% used [0x00000007ad780000,0x00000007ad780000,0x00000007c0000000)
 ParOldGen       total 1612288K, used 1077704K [0x0000000500000000, 0x0000000562680000, 0x00000006d5580000)
  object space 1612288K, 66% used [0x0000000500000000,0x0000000541c721d8,0x0000000562680000)
 Metaspace       used 44968K, capacity 45694K, committed 45952K, reserved 1089536K
  class space    used 4945K, capacity 5137K, committed 5248K, reserved 1048576K
}

